<?xml version="1.0" encoding="UTF-8"?>
<testsuites name="PHP_CodeSniffer 3.6.1" errors="0" tests="33" failures="0">
<testsuite name="/var/www/html/config/yahoo-finance.php" errors="0" tests="1" failures="0">
 <testcase name="/var/www/html/config/yahoo-finance.php"/>
</testsuite>
<testsuite name="/var/www/html/src/ApiClient/Client.php" errors="0" tests="1" failures="0">
 <testcase name="/var/www/html/src/ApiClient/Client.php"/>
</testsuite>
<testsuite name="/var/www/html/src/ApiClient/EndPoints/BaseEndpoint.php" errors="0" tests="1" failures="0">
 <testcase name="/var/www/html/src/ApiClient/EndPoints/BaseEndpoint.php"/>
</testsuite>
<testsuite name="/var/www/html/src/ApiClient/EndPoints/Endpoint.php" errors="0" tests="1" failures="0">
 <testcase name="/var/www/html/src/ApiClient/EndPoints/Endpoint.php"/>
</testsuite>
<testsuite name="/var/www/html/src/ApiClient/Exceptions/ApiException.php" errors="0" tests="1" failures="0">
 <testcase name="/var/www/html/src/ApiClient/Exceptions/ApiException.php"/>
</testsuite>
<testsuite name="/var/www/html/src/ApiClient/Exceptions/BadRequestException.php" errors="0" tests="1" failures="0">
 <testcase name="/var/www/html/src/ApiClient/Exceptions/BadRequestException.php"/>
</testsuite>
<testsuite name="/var/www/html/src/ApiClient/Exceptions/ClientException.php" errors="0" tests="1" failures="0">
 <testcase name="/var/www/html/src/ApiClient/Exceptions/ClientException.php"/>
</testsuite>
<testsuite name="/var/www/html/src/ApiClient/Exceptions/InternalServerErrorException.php" errors="0" tests="1" failures="0">
 <testcase name="/var/www/html/src/ApiClient/Exceptions/InternalServerErrorException.php"/>
</testsuite>
<testsuite name="/var/www/html/src/ApiClient/Exceptions/InvalidFetchModeException.php" errors="0" tests="1" failures="0">
 <testcase name="/var/www/html/src/ApiClient/Exceptions/InvalidFetchModeException.php"/>
</testsuite>
<testsuite name="/var/www/html/src/ApiClient/Exceptions/NotFoundException.php" errors="0" tests="1" failures="0">
 <testcase name="/var/www/html/src/ApiClient/Exceptions/NotFoundException.php"/>
</testsuite>
<testsuite name="/var/www/html/src/ApiClient/Exceptions/ServerException.php" errors="0" tests="1" failures="0">
 <testcase name="/var/www/html/src/ApiClient/Exceptions/ServerException.php"/>
</testsuite>
<testsuite name="/var/www/html/src/ApiClient/Exceptions/UnexpectedContentTypeException.php" errors="0" tests="1" failures="0">
 <testcase name="/var/www/html/src/ApiClient/Exceptions/UnexpectedContentTypeException.php"/>
</testsuite>
<testsuite name="/var/www/html/src/ApiClient/Exceptions/UnexpectedStatusCodeException.php" errors="0" tests="1" failures="0">
 <testcase name="/var/www/html/src/ApiClient/Exceptions/UnexpectedStatusCodeException.php"/>
</testsuite>
<testsuite name="/var/www/html/src/ApiClient/Exceptions/UnprocessableEntityException.php" errors="0" tests="1" failures="0">
 <testcase name="/var/www/html/src/ApiClient/Exceptions/UnprocessableEntityException.php"/>
</testsuite>
<testsuite name="/var/www/html/src/ApiClient/Exceptions/UnsupportedResponseDataException.php" errors="0" tests="1" failures="0">
 <testcase name="/var/www/html/src/ApiClient/Exceptions/UnsupportedResponseDataException.php"/>
</testsuite>
<testsuite name="/var/www/html/src/ApiClient/Models/RequestModel.php" errors="0" tests="1" failures="0">
 <testcase name="/var/www/html/src/ApiClient/Models/RequestModel.php"/>
</testsuite>
<testsuite name="/var/www/html/src/ApiClient/Models/ResponseModel.php" errors="0" tests="1" failures="0">
 <testcase name="/var/www/html/src/ApiClient/Models/ResponseModel.php"/>
</testsuite>
<testsuite name="/var/www/html/src/ApiClient/Models/Validation/ValidationException.php" errors="0" tests="1" failures="0">
 <testcase name="/var/www/html/src/ApiClient/Models/Validation/ValidationException.php"/>
</testsuite>
<testsuite name="/var/www/html/src/ApiClient/Models/Validation/ValidationExceptionViolationsItem.php" errors="0" tests="1" failures="0">
 <testcase name="/var/www/html/src/ApiClient/Models/Validation/ValidationExceptionViolationsItem.php"/>
</testsuite>
<testsuite name="/var/www/html/src/EndPoints/GetStockHistory.php" errors="0" tests="1" failures="0">
 <testcase name="/var/www/html/src/EndPoints/GetStockHistory.php"/>
</testsuite>
<testsuite name="/var/www/html/src/Models/CloseValue.php" errors="0" tests="1" failures="0">
 <testcase name="/var/www/html/src/Models/CloseValue.php"/>
</testsuite>
<testsuite name="/var/www/html/src/Models/Enums/Interval.php" errors="0" tests="1" failures="0">
 <testcase name="/var/www/html/src/Models/Enums/Interval.php"/>
</testsuite>
<testsuite name="/var/www/html/src/Models/Enums/Range.php" errors="0" tests="1" failures="0">
 <testcase name="/var/www/html/src/Models/Enums/Range.php"/>
</testsuite>
<testsuite name="/var/www/html/src/Models/Enums/Traits/EnumAsArrayTrait.php" errors="0" tests="1" failures="0">
 <testcase name="/var/www/html/src/Models/Enums/Traits/EnumAsArrayTrait.php"/>
</testsuite>
<testsuite name="/var/www/html/src/Models/Enums/Traits/EnumForSelectTrait.php" errors="0" tests="1" failures="0">
 <testcase name="/var/www/html/src/Models/Enums/Traits/EnumForSelectTrait.php"/>
</testsuite>
<testsuite name="/var/www/html/src/Models/RequestModels/GetStockHistoryRequest.php" errors="0" tests="1" failures="0">
 <testcase name="/var/www/html/src/Models/RequestModels/GetStockHistoryRequest.php"/>
</testsuite>
<testsuite name="/var/www/html/src/Models/ResponseModels/StockHistory.php" errors="0" tests="1" failures="0">
 <testcase name="/var/www/html/src/Models/ResponseModels/StockHistory.php"/>
</testsuite>
<testsuite name="/var/www/html/src/YahooFinanceClient.php" errors="0" tests="1" failures="0">
 <testcase name="/var/www/html/src/YahooFinanceClient.php"/>
</testsuite>
<testsuite name="/var/www/html/src/YahooFinanceServiceProvider.php" errors="0" tests="1" failures="0">
 <testcase name="/var/www/html/src/YahooFinanceServiceProvider.php"/>
</testsuite>
<testsuite name="/var/www/html/tests/Functional/YahooFinanceClientTest.php" errors="0" tests="1" failures="0">
 <testcase name="/var/www/html/tests/Functional/YahooFinanceClientTest.php"/>
</testsuite>
<testsuite name="/var/www/html/tests/Unit/EndPoints/GetStockHistoryTest.php" errors="0" tests="1" failures="0">
 <testcase name="/var/www/html/tests/Unit/EndPoints/GetStockHistoryTest.php"/>
</testsuite>
<testsuite name="/var/www/html/tests/Unit/Models/RequestModels/GetStockHistoryRequestTest.php" errors="0" tests="1" failures="0">
 <testcase name="/var/www/html/tests/Unit/Models/RequestModels/GetStockHistoryRequestTest.php"/>
</testsuite>
<testsuite name="/var/www/html/tests/Unit/Models/ResponseModels/StockHistoryTest.php" errors="0" tests="1" failures="0">
 <testcase name="/var/www/html/tests/Unit/Models/ResponseModels/StockHistoryTest.php"/>
</testsuite>
</testsuites>

